2018/09/03 12:46:53 [error] [php] date(): It is not safe to rely on the system's timezone settings. You are *required* to use the date.timezone setting or the date_default_timezone_set() function. In case you used any of those methods and you are still getting this warning, you most likely misspelled the timezone identifier. We selected the timezone 'UTC' for now, but please set date.timezone to select your timezone. (/var/www/www.myglife.cn/protected/views/layouts/main.php:51)
Stack trace:
#0 /root/yii/framework/web/CBaseController.php(95): SiteController->renderInternal()
#1 /root/yii/framework/web/widgets/CContentDecorator.php(76): SiteController->renderFile()
#2 /root/yii/framework/web/widgets/CContentDecorator.php(54): CContentDecorator->decorate()
#3 /root/yii/framework/web/widgets/COutputProcessor.php(44): CContentDecorator->processOutput()
#4 /root/yii/framework/web/CBaseController.php(215): CContentDecorator->run()
#5 /root/yii/framework/web/CBaseController.php(309): SiteController->endWidget()
#6 /var/www/www.myglife.cn/protected/views/layouts/column1.php(6): SiteController->endContent()
#7 /root/yii/framework/web/CBaseController.php(126): require()
#8 /root/yii/framework/web/CBaseController.php(95): SiteController->renderInternal()
#9 /root/yii/framework/web/CController.php(787): SiteController->renderFile()
#10 /var/www/www.myglife.cn/protected/controllers/SiteController.php(32): SiteController->render()
#11 /root/yii/framework/web/actions/CInlineAction.php(49): SiteController->actionIndex()
#12 /root/yii/framework/web/CController.php(308): CInlineAction->runWithParams()
#13 /root/yii/framework/web/CController.php(286): SiteController->runAction()
#14 /root/yii/framework/web/CController.php(265): SiteController->runActionWithFilters()
#15 /root/yii/framework/web/CWebApplication.php(282): SiteController->run()
#16 /root/yii/framework/web/CWebApplication.php(141): CWebApplication->runController()
#17 /root/yii/framework/base/CApplication.php(185): CWebApplication->processRequest()
#18 /var/www/www.myglife.cn/index.php(13): CWebApplication->run()

in /var/www/www.myglife.cn/protected/views/layouts/main.php (51)
in /var/www/www.myglife.cn/protected/views/layouts/column1.php (6)
in /var/www/www.myglife.cn/protected/controllers/SiteController.php (32)
2018/09/04 09:48:20 [error] [exception.CHttpException.403] exception 'CHttpException' with message 'You are not allowed to access this page.' in /home/work/data/www/resume/framework/gii/GiiModule.php:170
Stack trace:
#0 /home/work/data/www/resume/framework/web/CController.php(263): GiiModule->beforeControllerAction(Object(DefaultController), Object(CInlineAction))
#1 /home/work/data/www/resume/framework/web/CWebApplication.php(282): CController->run('')
#2 /home/work/data/www/resume/framework/web/CWebApplication.php(141): CWebApplication->runController('gii')
#3 /home/work/data/www/resume/framework/base/CApplication.php(185): CWebApplication->processRequest()
#4 /home/work/data/www/resume/index.php(13): CApplication->run()
#5 {main}
REQUEST_URI=/index.php?r=gii
---
2018/09/04 15:00:11 [error] [exception.CHttpException.404] exception 'CHttpException' with message 'Unable to resolve the request "error".' in /home/work/data/www/resume/framework/web/CWebApplication.php:286
Stack trace:
#0 /home/work/data/www/resume/framework/web/CWebApplication.php(141): CWebApplication->runController('error')
#1 /home/work/data/www/resume/framework/base/CApplication.php(185): CWebApplication->processRequest()
#2 /home/work/data/www/resume/index.php(13): CApplication->run()
#3 {main}
REQUEST_URI=/index.php?r=error
---
2018/09/04 15:14:28 [error] [exception.CHttpException.404] exception 'CHttpException' with message 'Unable to resolve the request "index".' in /home/work/data/www/resume/framework/web/CWebApplication.php:286
Stack trace:
#0 /home/work/data/www/resume/framework/web/CWebApplication.php(141): CWebApplication->runController('index')
#1 /home/work/data/www/resume/framework/base/CApplication.php(185): CWebApplication->processRequest()
#2 /home/work/data/www/resume/index.php(13): CApplication->run()
#3 {main}
REQUEST_URI=/index.php?r=index
---
2018/09/04 16:30:40 [error] [php] unlink(&lt;) [<a href='function.unlink'>function.unlink</a>]: No such file or directory (/home/work/data/www/resume/protected/models/Job51.php:40)
Stack trace:
#0 /home/work/data/www/resume/framework/web/actions/CInlineAction.php(49): ResumeController->actionTest()
#1 /home/work/data/www/resume/framework/web/CController.php(308): CInlineAction->runWithParams()
#2 /home/work/data/www/resume/framework/web/CController.php(286): ResumeController->runAction()
#3 /home/work/data/www/resume/framework/web/CController.php(265): ResumeController->runActionWithFilters()
#4 /home/work/data/www/resume/framework/web/CWebApplication.php(282): ResumeController->run()
#5 /home/work/data/www/resume/framework/web/CWebApplication.php(141): CWebApplication->runController()
#6 /home/work/data/www/resume/framework/base/CApplication.php(185): CWebApplication->processRequest()
#7 /home/work/data/www/resume/index.php(13): CWebApplication->run()
REQUEST_URI=/index.php?r=resume/test
in /home/work/data/www/resume/protected/models/Job51.php (40)
in /home/work/data/www/resume/protected/controllers/ResumeController.php (44)
in /home/work/data/www/resume/index.php (13)
2018/09/04 17:13:32 [error] [php] include(simple_html_dom.php) [<a href='function.include'>function.include</a>]: failed to open stream: No such file or directory (/home/work/data/www/resume/framework/YiiBase.php:463)
Stack trace:
#0 /home/work/data/www/resume/protected/models/Util.php(78): spl_autoload_call()
#1 /home/work/data/www/resume/protected/models/Job51.php(17): Util->getArea()
#2 /home/work/data/www/resume/protected/controllers/ResumeController.php(44): Job51->login()
#3 /home/work/data/www/resume/framework/web/actions/CInlineAction.php(49): ResumeController->actionTest()
#4 /home/work/data/www/resume/framework/web/CController.php(308): CInlineAction->runWithParams()
#5 /home/work/data/www/resume/framework/web/CController.php(286): ResumeController->runAction()
#6 /home/work/data/www/resume/framework/web/CController.php(265): ResumeController->runActionWithFilters()
#7 /home/work/data/www/resume/framework/web/CWebApplication.php(282): ResumeController->run()
#8 /home/work/data/www/resume/framework/web/CWebApplication.php(141): CWebApplication->runController()
#9 /home/work/data/www/resume/framework/base/CApplication.php(185): CWebApplication->processRequest()
#10 /home/work/data/www/resume/index.php(13): CWebApplication->run()
REQUEST_URI=/index.php?r=resume/test
in /home/work/data/www/resume/protected/models/Util.php (78)
in /home/work/data/www/resume/protected/models/Job51.php (17)
in /home/work/data/www/resume/protected/controllers/ResumeController.php (44)
2018/09/04 17:14:33 [error] [php] include(simple_html_dom.php) [<a href='function.include'>function.include</a>]: failed to open stream: No such file or directory (/home/work/data/www/resume/framework/YiiBase.php:463)
Stack trace:
#0 /home/work/data/www/resume/protected/models/Util.php(78): spl_autoload_call()
#1 /home/work/data/www/resume/protected/models/Job51.php(17): Util->getArea()
#2 /home/work/data/www/resume/protected/controllers/ResumeController.php(44): Job51->login()
#3 /home/work/data/www/resume/framework/web/actions/CInlineAction.php(49): ResumeController->actionTest()
#4 /home/work/data/www/resume/framework/web/CController.php(308): CInlineAction->runWithParams()
#5 /home/work/data/www/resume/framework/web/CController.php(286): ResumeController->runAction()
#6 /home/work/data/www/resume/framework/web/CController.php(265): ResumeController->runActionWithFilters()
#7 /home/work/data/www/resume/framework/web/CWebApplication.php(282): ResumeController->run()
#8 /home/work/data/www/resume/framework/web/CWebApplication.php(141): CWebApplication->runController()
#9 /home/work/data/www/resume/framework/base/CApplication.php(185): CWebApplication->processRequest()
#10 /home/work/data/www/resume/index.php(13): CWebApplication->run()
REQUEST_URI=/index.php?r=resume/test
in /home/work/data/www/resume/protected/models/Util.php (78)
in /home/work/data/www/resume/protected/models/Job51.php (17)
in /home/work/data/www/resume/protected/controllers/ResumeController.php (44)
2018/09/04 17:14:34 [error] [php] include(simple_html_dom.php) [<a href='function.include'>function.include</a>]: failed to open stream: No such file or directory (/home/work/data/www/resume/framework/YiiBase.php:463)
Stack trace:
#0 /home/work/data/www/resume/protected/models/Util.php(78): spl_autoload_call()
#1 /home/work/data/www/resume/protected/models/Job51.php(17): Util->getArea()
#2 /home/work/data/www/resume/protected/controllers/ResumeController.php(44): Job51->login()
#3 /home/work/data/www/resume/framework/web/actions/CInlineAction.php(49): ResumeController->actionTest()
#4 /home/work/data/www/resume/framework/web/CController.php(308): CInlineAction->runWithParams()
#5 /home/work/data/www/resume/framework/web/CController.php(286): ResumeController->runAction()
#6 /home/work/data/www/resume/framework/web/CController.php(265): ResumeController->runActionWithFilters()
#7 /home/work/data/www/resume/framework/web/CWebApplication.php(282): ResumeController->run()
#8 /home/work/data/www/resume/framework/web/CWebApplication.php(141): CWebApplication->runController()
#9 /home/work/data/www/resume/framework/base/CApplication.php(185): CWebApplication->processRequest()
#10 /home/work/data/www/resume/index.php(13): CWebApplication->run()
REQUEST_URI=/index.php?r=resume/test
in /home/work/data/www/resume/protected/models/Util.php (78)
in /home/work/data/www/resume/protected/models/Job51.php (17)
in /home/work/data/www/resume/protected/controllers/ResumeController.php (44)
2018/09/04 17:14:34 [error] [php] include(simple_html_dom.php) [<a href='function.include'>function.include</a>]: failed to open stream: No such file or directory (/home/work/data/www/resume/framework/YiiBase.php:463)
Stack trace:
#0 /home/work/data/www/resume/protected/models/Util.php(78): spl_autoload_call()
#1 /home/work/data/www/resume/protected/models/Job51.php(17): Util->getArea()
#2 /home/work/data/www/resume/protected/controllers/ResumeController.php(44): Job51->login()
#3 /home/work/data/www/resume/framework/web/actions/CInlineAction.php(49): ResumeController->actionTest()
#4 /home/work/data/www/resume/framework/web/CController.php(308): CInlineAction->runWithParams()
#5 /home/work/data/www/resume/framework/web/CController.php(286): ResumeController->runAction()
#6 /home/work/data/www/resume/framework/web/CController.php(265): ResumeController->runActionWithFilters()
#7 /home/work/data/www/resume/framework/web/CWebApplication.php(282): ResumeController->run()
#8 /home/work/data/www/resume/framework/web/CWebApplication.php(141): CWebApplication->runController()
#9 /home/work/data/www/resume/framework/base/CApplication.php(185): CWebApplication->processRequest()
#10 /home/work/data/www/resume/index.php(13): CWebApplication->run()
REQUEST_URI=/index.php?r=resume/test
in /home/work/data/www/resume/protected/models/Util.php (78)
in /home/work/data/www/resume/protected/models/Job51.php (17)
in /home/work/data/www/resume/protected/controllers/ResumeController.php (44)
2018/09/04 17:15:12 [error] [php] include(simple_html_dom.php) [<a href='function.include'>function.include</a>]: failed to open stream: No such file or directory (/home/work/data/www/resume/framework/YiiBase.php:463)
Stack trace:
#0 /home/work/data/www/resume/protected/models/Util.php(78): spl_autoload_call()
#1 /home/work/data/www/resume/protected/models/Job51.php(17): Util->getArea()
#2 /home/work/data/www/resume/protected/controllers/ResumeController.php(44): Job51->login()
#3 /home/work/data/www/resume/framework/web/actions/CInlineAction.php(49): ResumeController->actionTest()
#4 /home/work/data/www/resume/framework/web/CController.php(308): CInlineAction->runWithParams()
#5 /home/work/data/www/resume/framework/web/CController.php(286): ResumeController->runAction()
#6 /home/work/data/www/resume/framework/web/CController.php(265): ResumeController->runActionWithFilters()
#7 /home/work/data/www/resume/framework/web/CWebApplication.php(282): ResumeController->run()
#8 /home/work/data/www/resume/framework/web/CWebApplication.php(141): CWebApplication->runController()
#9 /home/work/data/www/resume/framework/base/CApplication.php(185): CWebApplication->processRequest()
#10 /home/work/data/www/resume/index.php(13): CWebApplication->run()
REQUEST_URI=/index.php?r=resume/test
in /home/work/data/www/resume/protected/models/Util.php (78)
in /home/work/data/www/resume/protected/models/Job51.php (17)
in /home/work/data/www/resume/protected/controllers/ResumeController.php (44)
2018/09/04 17:15:13 [error] [php] include(simple_html_dom.php) [<a href='function.include'>function.include</a>]: failed to open stream: No such file or directory (/home/work/data/www/resume/framework/YiiBase.php:463)
Stack trace:
#0 /home/work/data/www/resume/protected/models/Util.php(78): spl_autoload_call()
#1 /home/work/data/www/resume/protected/models/Job51.php(17): Util->getArea()
#2 /home/work/data/www/resume/protected/controllers/ResumeController.php(44): Job51->login()
#3 /home/work/data/www/resume/framework/web/actions/CInlineAction.php(49): ResumeController->actionTest()
#4 /home/work/data/www/resume/framework/web/CController.php(308): CInlineAction->runWithParams()
#5 /home/work/data/www/resume/framework/web/CController.php(286): ResumeController->runAction()
#6 /home/work/data/www/resume/framework/web/CController.php(265): ResumeController->runActionWithFilters()
#7 /home/work/data/www/resume/framework/web/CWebApplication.php(282): ResumeController->run()
#8 /home/work/data/www/resume/framework/web/CWebApplication.php(141): CWebApplication->runController()
#9 /home/work/data/www/resume/framework/base/CApplication.php(185): CWebApplication->processRequest()
#10 /home/work/data/www/resume/index.php(13): CWebApplication->run()
REQUEST_URI=/index.php?r=resume/test
in /home/work/data/www/resume/protected/models/Util.php (78)
in /home/work/data/www/resume/protected/models/Job51.php (17)
in /home/work/data/www/resume/protected/controllers/ResumeController.php (44)
2018/09/04 17:15:13 [error] [php] include(simple_html_dom.php) [<a href='function.include'>function.include</a>]: failed to open stream: No such file or directory (/home/work/data/www/resume/framework/YiiBase.php:463)
Stack trace:
#0 /home/work/data/www/resume/protected/models/Util.php(78): spl_autoload_call()
#1 /home/work/data/www/resume/protected/models/Job51.php(17): Util->getArea()
#2 /home/work/data/www/resume/protected/controllers/ResumeController.php(44): Job51->login()
#3 /home/work/data/www/resume/framework/web/actions/CInlineAction.php(49): ResumeController->actionTest()
#4 /home/work/data/www/resume/framework/web/CController.php(308): CInlineAction->runWithParams()
#5 /home/work/data/www/resume/framework/web/CController.php(286): ResumeController->runAction()
#6 /home/work/data/www/resume/framework/web/CController.php(265): ResumeController->runActionWithFilters()
#7 /home/work/data/www/resume/framework/web/CWebApplication.php(282): ResumeController->run()
#8 /home/work/data/www/resume/framework/web/CWebApplication.php(141): CWebApplication->runController()
#9 /home/work/data/www/resume/framework/base/CApplication.php(185): CWebApplication->processRequest()
#10 /home/work/data/www/resume/index.php(13): CWebApplication->run()
REQUEST_URI=/index.php?r=resume/test
in /home/work/data/www/resume/protected/models/Util.php (78)
in /home/work/data/www/resume/protected/models/Job51.php (17)
in /home/work/data/www/resume/protected/controllers/ResumeController.php (44)
2018/09/04 17:15:13 [error] [php] include(simple_html_dom.php) [<a href='function.include'>function.include</a>]: failed to open stream: No such file or directory (/home/work/data/www/resume/framework/YiiBase.php:463)
Stack trace:
#0 /home/work/data/www/resume/protected/models/Util.php(78): spl_autoload_call()
#1 /home/work/data/www/resume/protected/models/Job51.php(17): Util->getArea()
#2 /home/work/data/www/resume/protected/controllers/ResumeController.php(44): Job51->login()
#3 /home/work/data/www/resume/framework/web/actions/CInlineAction.php(49): ResumeController->actionTest()
#4 /home/work/data/www/resume/framework/web/CController.php(308): CInlineAction->runWithParams()
#5 /home/work/data/www/resume/framework/web/CController.php(286): ResumeController->runAction()
#6 /home/work/data/www/resume/framework/web/CController.php(265): ResumeController->runActionWithFilters()
#7 /home/work/data/www/resume/framework/web/CWebApplication.php(282): ResumeController->run()
#8 /home/work/data/www/resume/framework/web/CWebApplication.php(141): CWebApplication->runController()
#9 /home/work/data/www/resume/framework/base/CApplication.php(185): CWebApplication->processRequest()
#10 /home/work/data/www/resume/index.php(13): CWebApplication->run()
REQUEST_URI=/index.php?r=resume/test
in /home/work/data/www/resume/protected/models/Util.php (78)
in /home/work/data/www/resume/protected/models/Job51.php (17)
in /home/work/data/www/resume/protected/controllers/ResumeController.php (44)
2018/09/04 17:15:14 [error] [php] include(simple_html_dom.php) [<a href='function.include'>function.include</a>]: failed to open stream: No such file or directory (/home/work/data/www/resume/framework/YiiBase.php:463)
Stack trace:
#0 /home/work/data/www/resume/protected/models/Util.php(78): spl_autoload_call()
#1 /home/work/data/www/resume/protected/models/Job51.php(17): Util->getArea()
#2 /home/work/data/www/resume/protected/controllers/ResumeController.php(44): Job51->login()
#3 /home/work/data/www/resume/framework/web/actions/CInlineAction.php(49): ResumeController->actionTest()
#4 /home/work/data/www/resume/framework/web/CController.php(308): CInlineAction->runWithParams()
#5 /home/work/data/www/resume/framework/web/CController.php(286): ResumeController->runAction()
#6 /home/work/data/www/resume/framework/web/CController.php(265): ResumeController->runActionWithFilters()
#7 /home/work/data/www/resume/framework/web/CWebApplication.php(282): ResumeController->run()
#8 /home/work/data/www/resume/framework/web/CWebApplication.php(141): CWebApplication->runController()
#9 /home/work/data/www/resume/framework/base/CApplication.php(185): CWebApplication->processRequest()
#10 /home/work/data/www/resume/index.php(13): CWebApplication->run()
REQUEST_URI=/index.php?r=resume/test
in /home/work/data/www/resume/protected/models/Util.php (78)
in /home/work/data/www/resume/protected/models/Job51.php (17)
in /home/work/data/www/resume/protected/controllers/ResumeController.php (44)
2018/09/04 17:15:14 [error] [php] include(simple_html_dom.php) [<a href='function.include'>function.include</a>]: failed to open stream: No such file or directory (/home/work/data/www/resume/framework/YiiBase.php:463)
Stack trace:
#0 /home/work/data/www/resume/protected/models/Util.php(78): spl_autoload_call()
#1 /home/work/data/www/resume/protected/models/Job51.php(17): Util->getArea()
#2 /home/work/data/www/resume/protected/controllers/ResumeController.php(44): Job51->login()
#3 /home/work/data/www/resume/framework/web/actions/CInlineAction.php(49): ResumeController->actionTest()
#4 /home/work/data/www/resume/framework/web/CController.php(308): CInlineAction->runWithParams()
#5 /home/work/data/www/resume/framework/web/CController.php(286): ResumeController->runAction()
#6 /home/work/data/www/resume/framework/web/CController.php(265): ResumeController->runActionWithFilters()
#7 /home/work/data/www/resume/framework/web/CWebApplication.php(282): ResumeController->run()
#8 /home/work/data/www/resume/framework/web/CWebApplication.php(141): CWebApplication->runController()
#9 /home/work/data/www/resume/framework/base/CApplication.php(185): CWebApplication->processRequest()
#10 /home/work/data/www/resume/index.php(13): CWebApplication->run()
REQUEST_URI=/index.php?r=resume/test
in /home/work/data/www/resume/protected/models/Util.php (78)
in /home/work/data/www/resume/protected/models/Job51.php (17)
in /home/work/data/www/resume/protected/controllers/ResumeController.php (44)
2018/09/04 17:28:54 [error] [php] preg_match() expects parameter 2 to be string, array given (/home/work/data/www/resume/protected/models/Util.php:82)
Stack trace:
#0 /home/work/data/www/resume/protected/controllers/ResumeController.php(44): Job51->login()
#1 /home/work/data/www/resume/framework/web/actions/CInlineAction.php(49): ResumeController->actionTest()
#2 /home/work/data/www/resume/framework/web/CController.php(308): CInlineAction->runWithParams()
#3 /home/work/data/www/resume/framework/web/CController.php(286): ResumeController->runAction()
#4 /home/work/data/www/resume/framework/web/CController.php(265): ResumeController->runActionWithFilters()
#5 /home/work/data/www/resume/framework/web/CWebApplication.php(282): ResumeController->run()
#6 /home/work/data/www/resume/framework/web/CWebApplication.php(141): CWebApplication->runController()
#7 /home/work/data/www/resume/framework/base/CApplication.php(185): CWebApplication->processRequest()
#8 /home/work/data/www/resume/index.php(13): CWebApplication->run()
REQUEST_URI=/index.php?r=resume/test
in /home/work/data/www/resume/protected/models/Util.php (82)
in /home/work/data/www/resume/protected/models/Job51.php (17)
in /home/work/data/www/resume/protected/controllers/ResumeController.php (44)
2018/09/04 17:30:27 [error] [php] Illegal offset type (/home/work/data/www/resume/protected/models/Util.php:85)
Stack trace:
#0 /home/work/data/www/resume/framework/web/actions/CInlineAction.php(49): ResumeController->actionTest()
#1 /home/work/data/www/resume/framework/web/CController.php(308): CInlineAction->runWithParams()
#2 /home/work/data/www/resume/framework/web/CController.php(286): ResumeController->runAction()
#3 /home/work/data/www/resume/framework/web/CController.php(265): ResumeController->runActionWithFilters()
#4 /home/work/data/www/resume/framework/web/CWebApplication.php(282): ResumeController->run()
#5 /home/work/data/www/resume/framework/web/CWebApplication.php(141): CWebApplication->runController()
#6 /home/work/data/www/resume/framework/base/CApplication.php(185): CWebApplication->processRequest()
#7 /home/work/data/www/resume/index.php(13): CWebApplication->run()
REQUEST_URI=/index.php?r=resume/test
in /home/work/data/www/resume/protected/models/Util.php (85)
in /home/work/data/www/resume/protected/models/Job51.php (17)
in /home/work/data/www/resume/protected/controllers/ResumeController.php (44)
2018/09/04 17:33:24 [error] [php] preg_match() [<a href='function.preg-match'>function.preg-match</a>]: Unknown modifier '&gt;' (/home/work/data/www/resume/protected/models/Util.php:82)
Stack trace:
#0 /home/work/data/www/resume/protected/controllers/ResumeController.php(44): Job51->login()
#1 /home/work/data/www/resume/framework/web/actions/CInlineAction.php(49): ResumeController->actionTest()
#2 /home/work/data/www/resume/framework/web/CController.php(308): CInlineAction->runWithParams()
#3 /home/work/data/www/resume/framework/web/CController.php(286): ResumeController->runAction()
#4 /home/work/data/www/resume/framework/web/CController.php(265): ResumeController->runActionWithFilters()
#5 /home/work/data/www/resume/framework/web/CWebApplication.php(282): ResumeController->run()
#6 /home/work/data/www/resume/framework/web/CWebApplication.php(141): CWebApplication->runController()
#7 /home/work/data/www/resume/framework/base/CApplication.php(185): CWebApplication->processRequest()
#8 /home/work/data/www/resume/index.php(13): CWebApplication->run()
REQUEST_URI=/index.php?r=resume/test
in /home/work/data/www/resume/protected/models/Util.php (82)
in /home/work/data/www/resume/protected/models/Job51.php (17)
in /home/work/data/www/resume/protected/controllers/ResumeController.php (44)
2018/09/04 17:33:44 [error] [php] preg_match() [<a href='function.preg-match'>function.preg-match</a>]: Unknown modifier '&gt;' (/home/work/data/www/resume/protected/models/Util.php:82)
Stack trace:
#0 /home/work/data/www/resume/protected/controllers/ResumeController.php(44): Job51->login()
#1 /home/work/data/www/resume/framework/web/actions/CInlineAction.php(49): ResumeController->actionTest()
#2 /home/work/data/www/resume/framework/web/CController.php(308): CInlineAction->runWithParams()
#3 /home/work/data/www/resume/framework/web/CController.php(286): ResumeController->runAction()
#4 /home/work/data/www/resume/framework/web/CController.php(265): ResumeController->runActionWithFilters()
#5 /home/work/data/www/resume/framework/web/CWebApplication.php(282): ResumeController->run()
#6 /home/work/data/www/resume/framework/web/CWebApplication.php(141): CWebApplication->runController()
#7 /home/work/data/www/resume/framework/base/CApplication.php(185): CWebApplication->processRequest()
#8 /home/work/data/www/resume/index.php(13): CWebApplication->run()
REQUEST_URI=/index.php?r=resume/test
in /home/work/data/www/resume/protected/models/Util.php (82)
in /home/work/data/www/resume/protected/models/Job51.php (17)
in /home/work/data/www/resume/protected/controllers/ResumeController.php (44)
2018/09/04 17:33:45 [error] [php] preg_match() [<a href='function.preg-match'>function.preg-match</a>]: Unknown modifier '&gt;' (/home/work/data/www/resume/protected/models/Util.php:82)
Stack trace:
#0 /home/work/data/www/resume/protected/controllers/ResumeController.php(44): Job51->login()
#1 /home/work/data/www/resume/framework/web/actions/CInlineAction.php(49): ResumeController->actionTest()
#2 /home/work/data/www/resume/framework/web/CController.php(308): CInlineAction->runWithParams()
#3 /home/work/data/www/resume/framework/web/CController.php(286): ResumeController->runAction()
#4 /home/work/data/www/resume/framework/web/CController.php(265): ResumeController->runActionWithFilters()
#5 /home/work/data/www/resume/framework/web/CWebApplication.php(282): ResumeController->run()
#6 /home/work/data/www/resume/framework/web/CWebApplication.php(141): CWebApplication->runController()
#7 /home/work/data/www/resume/framework/base/CApplication.php(185): CWebApplication->processRequest()
#8 /home/work/data/www/resume/index.php(13): CWebApplication->run()
REQUEST_URI=/index.php?r=resume/test
in /home/work/data/www/resume/protected/models/Util.php (82)
in /home/work/data/www/resume/protected/models/Job51.php (17)
in /home/work/data/www/resume/protected/controllers/ResumeController.php (44)
2018/09/04 17:33:46 [error] [php] preg_match() [<a href='function.preg-match'>function.preg-match</a>]: Unknown modifier '&gt;' (/home/work/data/www/resume/protected/models/Util.php:82)
Stack trace:
#0 /home/work/data/www/resume/protected/controllers/ResumeController.php(44): Job51->login()
#1 /home/work/data/www/resume/framework/web/actions/CInlineAction.php(49): ResumeController->actionTest()
#2 /home/work/data/www/resume/framework/web/CController.php(308): CInlineAction->runWithParams()
#3 /home/work/data/www/resume/framework/web/CController.php(286): ResumeController->runAction()
#4 /home/work/data/www/resume/framework/web/CController.php(265): ResumeController->runActionWithFilters()
#5 /home/work/data/www/resume/framework/web/CWebApplication.php(282): ResumeController->run()
#6 /home/work/data/www/resume/framework/web/CWebApplication.php(141): CWebApplication->runController()
#7 /home/work/data/www/resume/framework/base/CApplication.php(185): CWebApplication->processRequest()
#8 /home/work/data/www/resume/index.php(13): CWebApplication->run()
REQUEST_URI=/index.php?r=resume/test
in /home/work/data/www/resume/protected/models/Util.php (82)
in /home/work/data/www/resume/protected/models/Job51.php (17)
in /home/work/data/www/resume/protected/controllers/ResumeController.php (44)
